INFO 2021-06-08 09:11:25,230 autoreload 636 Watching for file changes with StatReloader
INFO 2021-06-08 09:13:36,056 autoreload 636 Watching for file changes with StatReloader
WARNING 2021-06-08 09:24:32,038 log 230 Not Found: /
WARNING 2021-06-08 09:24:32,040 basehttp 161 "GET / HTTP/1.1" 404 2275
WARNING 2021-06-08 09:24:32,209 log 230 Not Found: /favicon.ico
WARNING 2021-06-08 09:24:32,211 basehttp 161 "GET /favicon.ico HTTP/1.1" 404 2326
INFO 2021-06-08 09:24:35,824 basehttp 161 "GET /admin HTTP/1.1" 301 0
INFO 2021-06-08 09:24:35,874 basehttp 161 "GET /admin/ HTTP/1.1" 302 0
INFO 2021-06-08 09:24:36,065 basehttp 161 "GET /admin/login/?next=/admin/ HTTP/1.1" 200 2216
INFO 2021-06-08 09:24:36,199 basehttp 161 "GET /static/admin/css/nav_sidebar.css HTTP/1.1" 200 2271
INFO 2021-06-08 09:24:36,209 basehttp 161 "GET /static/admin/css/base.css HTTP/1.1" 200 19513
INFO 2021-06-08 09:24:36,215 basehttp 161 "GET /static/admin/css/responsive.css HTTP/1.1" 200 18545
INFO 2021-06-08 09:24:36,218 basehttp 161 "GET /static/admin/js/nav_sidebar.js HTTP/1.1" 200 1360
INFO 2021-06-08 09:24:36,218 basehttp 161 "GET /static/admin/css/login.css HTTP/1.1" 200 939
INFO 2021-06-08 09:24:36,284 basehttp 161 "GET /static/admin/css/fonts.css HTTP/1.1" 200 423
INFO 2021-06-08 09:24:36,315 basehttp 161 "GET /static/admin/fonts/Roboto-Light-webfont.woff HTTP/1.1" 200 85692
INFO 2021-06-08 09:24:36,318 basehttp 161 "GET /static/admin/fonts/Roboto-Regular-webfont.woff HTTP/1.1" 200 85876
WARNING 2021-06-08 09:24:36,348 log 230 Not Found: /favicon.ico
WARNING 2021-06-08 09:24:36,349 basehttp 161 "GET /favicon.ico HTTP/1.1" 404 2326
INFO 2021-06-08 09:24:40,899 basehttp 161 "POST /admin/login/?next=/admin/ HTTP/1.1" 200 2348
INFO 2021-06-08 09:24:41,081 basehttp 161 "GET /static/admin/fonts/Roboto-Bold-webfont.woff HTTP/1.1" 200 86184
WARNING 2021-06-08 09:24:41,106 log 230 Not Found: /favicon.ico
WARNING 2021-06-08 09:24:41,107 basehttp 161 "GET /favicon.ico HTTP/1.1" 404 2326
INFO 2021-06-08 09:24:48,452 basehttp 161 "POST /admin/login/?next=/admin/ HTTP/1.1" 200 2348
INFO 2021-06-08 09:25:26,267 basehttp 161 "POST /admin/login/?next=/admin/ HTTP/1.1" 302 0
INFO 2021-06-08 09:25:26,357 basehttp 161 "GET /admin/ HTTP/1.1" 200 6667
INFO 2021-06-08 09:25:26,554 basehttp 161 "GET /static/admin/css/dashboard.css HTTP/1.1" 200 380
INFO 2021-06-08 09:25:26,581 basehttp 161 "GET /static/admin/img/icon-addlink.svg HTTP/1.1" 200 331
INFO 2021-06-08 09:25:26,586 basehttp 161 "GET /static/admin/img/icon-changelink.svg HTTP/1.1" 200 380
WARNING 2021-06-08 09:25:27,440 log 230 Not Found: /favicon.ico
WARNING 2021-06-08 09:25:27,440 basehttp 161 "GET /favicon.ico HTTP/1.1" 404 2326
INFO 2021-06-08 09:25:32,833 basehttp 161 "GET /admin/ HTTP/1.1" 200 6667
INFO 2021-06-08 09:25:32,981 basehttp 161 "GET /static/admin/js/nav_sidebar.js HTTP/1.1" 304 0
INFO 2021-06-08 09:26:03,753 basehttp 161 "GET /admin/ HTTP/1.1" 302 0
INFO 2021-06-08 09:26:03,816 basehttp 161 "GET /admin/login/?next=/admin/ HTTP/1.1" 200 2216
INFO 2021-06-08 09:26:03,885 basehttp 161 "GET /static/admin/css/nav_sidebar.css HTTP/1.1" 200 2271
INFO 2021-06-08 09:26:03,886 basehttp 161 "GET /static/admin/css/base.css HTTP/1.1" 200 19513
INFO 2021-06-08 09:26:03,896 basehttp 161 "GET /static/admin/css/login.css HTTP/1.1" 200 939
INFO 2021-06-08 09:26:03,901 basehttp 161 "GET /static/admin/css/responsive.css HTTP/1.1" 200 18545
INFO 2021-06-08 09:26:03,906 basehttp 161 "GET /static/admin/js/nav_sidebar.js HTTP/1.1" 200 1360
INFO 2021-06-08 09:26:03,956 basehttp 161 "GET /static/admin/css/fonts.css HTTP/1.1" 200 423
INFO 2021-06-08 09:26:04,089 basehttp 161 "GET /static/admin/fonts/Roboto-Light-webfont.woff HTTP/1.1" 200 85692
INFO 2021-06-08 09:26:04,092 basehttp 161 "GET /static/admin/fonts/Roboto-Regular-webfont.woff HTTP/1.1" 200 85876
WARNING 2021-06-08 09:26:04,118 log 230 Not Found: /favicon.ico
WARNING 2021-06-08 09:26:04,119 basehttp 161 "GET /favicon.ico HTTP/1.1" 404 2326
INFO 2021-06-08 09:26:08,078 basehttp 161 "POST /admin/login/?next=/admin/ HTTP/1.1" 302 0
INFO 2021-06-08 09:26:08,120 basehttp 161 "GET /admin/ HTTP/1.1" 200 6667
INFO 2021-06-08 09:26:08,186 basehttp 161 "GET /static/admin/css/dashboard.css HTTP/1.1" 200 380
INFO 2021-06-08 09:26:08,198 basehttp 161 "GET /static/admin/img/icon-addlink.svg HTTP/1.1" 200 331
INFO 2021-06-08 09:26:08,199 basehttp 161 "GET /static/admin/img/icon-changelink.svg HTTP/1.1" 200 380
INFO 2021-06-08 09:26:08,205 basehttp 161 "GET /static/admin/fonts/Roboto-Bold-webfont.woff HTTP/1.1" 200 86184
WARNING 2021-06-08 09:26:25,005 log 230 Not Found: /api/user
WARNING 2021-06-08 09:26:25,006 basehttp 161 "GET /api/user HTTP/1.1" 404 2317
INFO 2021-06-08 09:26:32,970 basehttp 161 "GET /api/v1/email HTTP/1.1" 301 0
WARNING 2021-06-08 09:26:33,046 log 230 Method Not Allowed: /api/v1/email/
WARNING 2021-06-08 09:26:33,048 basehttp 161 "GET /api/v1/email/ HTTP/1.1" 405 7550
INFO 2021-06-08 09:26:33,103 basehttp 161 "GET /static/rest_framework/css/bootstrap.min.css HTTP/1.1" 200 121457
INFO 2021-06-08 09:26:33,119 basehttp 161 "GET /static/rest_framework/css/bootstrap-tweaks.css HTTP/1.1" 200 3385
INFO 2021-06-08 09:26:33,147 basehttp 161 "GET /static/rest_framework/css/default.css HTTP/1.1" 200 1152
INFO 2021-06-08 09:26:33,153 basehttp 161 "GET /static/rest_framework/css/prettify.css HTTP/1.1" 200 817
INFO 2021-06-08 09:26:33,154 basehttp 161 "GET /static/rest_framework/js/prettify-min.js HTTP/1.1" 200 13632
INFO 2021-06-08 09:26:33,155 basehttp 161 "GET /static/rest_framework/js/ajax-form.js HTTP/1.1" 200 3597
INFO 2021-06-08 09:26:33,158 basehttp 161 "GET /static/rest_framework/js/csrf.js HTTP/1.1" 200 1719
INFO 2021-06-08 09:26:33,172 basehttp 161 "GET /static/rest_framework/js/default.js HTTP/1.1" 200 1268
INFO 2021-06-08 09:26:33,177 basehttp 161 "GET /static/rest_framework/js/bootstrap.min.js HTTP/1.1" 200 39680
INFO 2021-06-08 09:26:33,187 basehttp 161 "GET /static/rest_framework/js/jquery-3.5.1.min.js HTTP/1.1" 200 89476
INFO 2021-06-08 09:26:33,201 basehttp 161 "GET /static/rest_framework/img/grid.png HTTP/1.1" 200 1458
WARNING 2021-06-08 09:26:44,950 log 230 Method Not Allowed: /api/v1/email/
WARNING 2021-06-08 09:26:44,951 basehttp 161 "GET /api/v1/email/ HTTP/1.1" 405 7550
WARNING 2021-06-08 09:26:46,437 log 230 Method Not Allowed: /api/v1/email/
WARNING 2021-06-08 09:26:46,439 basehttp 161 "GET /api/v1/email/ HTTP/1.1" 405 7550
WARNING 2021-06-08 09:26:49,068 log 230 Not Found: /api/v1/email/1
WARNING 2021-06-08 09:26:49,069 basehttp 161 "GET /api/v1/email/1 HTTP/1.1" 404 12639
INFO 2021-06-08 09:26:55,473 basehttp 161 "GET /api/v1/contests HTTP/1.1" 301 0
INFO 2021-06-08 09:26:55,572 basehttp 161 "GET /api/v1/contests/ HTTP/1.1" 200 6742
INFO 2021-06-08 09:26:55,737 basehttp 161 "GET /static/rest_framework/fonts/glyphicons-halflings-regular.woff2 HTTP/1.1" 200 18028
INFO 2021-06-08 09:26:57,628 basehttp 161 "GET /api/v1/contests/ HTTP/1.1" 200 6742
INFO 2021-06-08 09:27:17,393 basehttp 161 "OPTIONS /api/v1/contests/ HTTP/1.1" 200 5923
INFO 2021-06-08 09:27:21,478 basehttp 161 "OPTIONS /api/v1/contests/ HTTP/1.1" 200 5923
INFO 2021-06-08 09:27:22,669 basehttp 161 "GET /api/v1/contests/ HTTP/1.1" 200 6742
WARNING 2021-06-08 09:27:30,294 log 230 Not Found: /api/v1/contest
WARNING 2021-06-08 09:27:30,296 basehttp 161 "GET /api/v1/contest HTTP/1.1" 404 12639
INFO 2021-06-08 09:28:06,305 basehttp 161 "GET /api/v1/contest/2/info HTTP/1.1" 301 0
WARNING 2021-06-08 09:28:06,362 log 230 Method Not Allowed: /api/v1/contest/2/info/
WARNING 2021-06-08 09:28:06,362 basehttp 161 "GET /api/v1/contest/2/info/ HTTP/1.1" 405 5954
INFO 2021-06-08 09:28:06,401 basehttp 161 "GET /static/rest_framework/css/bootstrap.min.css HTTP/1.1" 304 0
INFO 2021-06-08 09:28:06,402 basehttp 161 "GET /static/rest_framework/css/prettify.css HTTP/1.1" 304 0
INFO 2021-06-08 09:28:06,402 basehttp 161 "GET /static/rest_framework/css/bootstrap-tweaks.css HTTP/1.1" 304 0
INFO 2021-06-08 09:28:06,414 basehttp 161 "GET /static/rest_framework/css/default.css HTTP/1.1" 304 0
INFO 2021-06-08 09:28:06,431 basehttp 161 "GET /static/rest_framework/js/default.js HTTP/1.1" 304 0
INFO 2021-06-08 09:28:06,432 basehttp 161 "GET /static/rest_framework/js/bootstrap.min.js HTTP/1.1" 304 0
INFO 2021-06-08 09:28:06,437 basehttp 161 "GET /static/rest_framework/js/prettify-min.js HTTP/1.1" 304 0
INFO 2021-06-08 09:28:06,440 basehttp 161 "GET /static/rest_framework/js/csrf.js HTTP/1.1" 304 0
INFO 2021-06-08 09:28:06,444 basehttp 161 "GET /static/rest_framework/js/jquery-3.5.1.min.js HTTP/1.1" 304 0
INFO 2021-06-08 09:28:06,446 basehttp 161 "GET /static/rest_framework/js/ajax-form.js HTTP/1.1" 304 0
INFO 2021-06-08 09:28:06,455 basehttp 161 "GET /static/rest_framework/img/grid.png HTTP/1.1" 304 0
WARNING 2021-06-08 09:28:12,692 log 230 Method Not Allowed: /api/v1/contest/2/info/
WARNING 2021-06-08 09:28:12,693 basehttp 161 "GET /api/v1/contest/2/info/ HTTP/1.1" 405 5954
INFO 2021-06-08 09:30:08,228 basehttp 161 "GET /admin/ HTTP/1.1" 302 0
INFO 2021-06-08 09:30:08,246 basehttp 161 "GET /admin/login/?next=/admin/ HTTP/1.1" 200 2216
INFO 2021-06-08 09:30:08,266 basehttp 161 "GET /static/admin/css/base.css HTTP/1.1" 200 19513
INFO 2021-06-08 09:30:08,275 basehttp 161 "GET /static/admin/js/nav_sidebar.js HTTP/1.1" 200 1360
INFO 2021-06-08 09:30:08,281 basehttp 161 "GET /static/admin/css/login.css HTTP/1.1" 200 939
INFO 2021-06-08 09:30:08,281 basehttp 161 "GET /static/admin/css/nav_sidebar.css HTTP/1.1" 200 2271
INFO 2021-06-08 09:30:08,283 basehttp 161 "GET /static/admin/css/responsive.css HTTP/1.1" 200 18545
INFO 2021-06-08 09:30:08,313 basehttp 161 "GET /static/admin/css/fonts.css HTTP/1.1" 200 423
INFO 2021-06-08 09:30:08,336 basehttp 161 "GET /static/admin/fonts/Roboto-Regular-webfont.woff HTTP/1.1" 200 85876
INFO 2021-06-08 09:30:08,345 basehttp 161 "GET /static/admin/fonts/Roboto-Light-webfont.woff HTTP/1.1" 200 85692
INFO 2021-06-08 11:47:49,017 basehttp 161 "GET /api/v1/problems/ HTTP/1.1" 200 52
INFO 2021-06-08 11:47:49,017 basehttp 161 "GET /api/v1/contests/ HTTP/1.1" 200 52
INFO 2021-06-08 11:47:55,127 basehttp 161 "GET /api/v1/problems/ HTTP/1.1" 200 52
INFO 2021-06-08 11:47:55,127 basehttp 161 "GET /api/v1/contests/ HTTP/1.1" 200 52
INFO 2021-06-08 11:51:52,268 basehttp 161 "OPTIONS /api-token-auth/ HTTP/1.1" 200 0
INFO 2021-06-08 11:51:52,459 basehttp 161 "POST /api-token-auth/ HTTP/1.1" 200 204
INFO 2021-06-08 11:51:53,068 basehttp 161 "OPTIONS /api/v1/user/ HTTP/1.1" 200 0
INFO 2021-06-08 11:51:53,146 basehttp 161 "GET /api/v1/contests/ HTTP/1.1" 200 52
INFO 2021-06-08 11:51:53,146 basehttp 161 "GET /api/v1/problems/ HTTP/1.1" 200 52
INFO 2021-06-08 11:51:53,150 basehttp 161 "GET /api/v1/user/ HTTP/1.1" 200 246
INFO 2021-06-08 11:51:53,221 basehttp 161 "GET /api/v1/user/ HTTP/1.1" 200 246
INFO 2021-06-08 11:51:57,371 basehttp 161 "GET /api/v1/user/ HTTP/1.1" 200 246
INFO 2021-06-08 11:52:03,784 basehttp 161 "GET /api/v1/problems/ranking HTTP/1.1" 301 0
INFO 2021-06-08 11:52:03,814 basehttp 161 "GET /api/v1/problems/ HTTP/1.1" 200 52
INFO 2021-06-08 11:52:03,819 basehttp 161 "GET /api/v1/contests/ HTTP/1.1" 200 52
INFO 2021-06-08 11:52:03,850 basehttp 161 "GET /api/v1/problems/?page=1&page_size=10&ordering=id&alg=&ds=&firm=&header= HTTP/1.1" 200 52
INFO 2021-06-08 11:52:03,863 basehttp 161 "GET /api/v1/user/ HTTP/1.1" 200 246
INFO 2021-06-08 11:52:03,865 basehttp 161 "GET /api/v1/problems/ranking/ HTTP/1.1" 200 2
INFO 2021-06-08 11:52:03,865 basehttp 161 "GET /api/v1/problems/?page_size=9007199254740991 HTTP/1.1" 200 52
INFO 2021-06-08 11:52:05,413 basehttp 161 "GET /api/v1/problems/?page=1&page_size=10&ordering=id&alg=&ds=&firm=%E6%B5%99%E6%B1%9F%E5%A4%A7%E5%AD%A6&header= HTTP/1.1" 200 52
INFO 2021-06-08 11:52:06,010 basehttp 161 "GET /api/v1/problems/?page=1&page_size=10&ordering=id&alg=&ds=&firm=%E9%98%BF%E9%87%8C%E5%B7%B4%E5%B7%B4%E9%9B%86%E5%9B%A2&header= HTTP/1.1" 200 52
INFO 2021-06-08 11:52:06,401 basehttp 161 "GET /api/v1/problems/?page=1&page_size=10&ordering=id&alg=&ds=&firm=%E9%98%BF%E9%87%8C%E5%B7%B4%E5%B7%B4%E9%9B%86%E5%9B%A2&header=%E7%AE%80%E5%8D%95 HTTP/1.1" 200 52
INFO 2021-06-08 11:52:07,070 basehttp 161 "GET /api/v1/problems/?page=1&page_size=10&ordering=id&alg=&ds=&firm=&header= HTTP/1.1" 200 52
INFO 2021-06-08 11:52:08,951 basehttp 161 "GET /api/v1/contests/?page=1&page_size=20&ordering=id&status=sign&uid=2 HTTP/1.1" 200 52
INFO 2021-06-08 11:52:08,954 basehttp 161 "GET /api/v1/contests/ HTTP/1.1" 200 52
INFO 2021-06-08 11:52:08,954 basehttp 161 "GET /api/v1/problems/ HTTP/1.1" 200 52
INFO 2021-06-08 11:52:10,084 basehttp 161 "GET /api/v1/contests/?page=1&page_size=20&ordering=id&status=no&uid=2 HTTP/1.1" 200 52
INFO 2021-06-08 11:52:10,578 basehttp 161 "GET /api/v1/contests/?page=1&page_size=20&ordering=id&status=end&uid=2 HTTP/1.1" 200 52
ERROR 2021-06-08 11:52:11,024 log 230 Internal Server Error: /api/v1/contests/
Traceback (most recent call last):
  File "/home/fmw/github/ojSys/venv/lib/python3.6/site-packages/django/core/handlers/exception.py", line 47, in inner
    response = get_response(request)
  File "/home/fmw/github/ojSys/venv/lib/python3.6/site-packages/django/core/handlers/base.py", line 181, in _get_response
    response = wrapped_callback(request, *callback_args, **callback_kwargs)
  File "/home/fmw/github/ojSys/venv/lib/python3.6/site-packages/django/views/decorators/csrf.py", line 54, in wrapped_view
    return view_func(*args, **kwargs)
  File "/home/fmw/github/ojSys/venv/lib/python3.6/site-packages/django/views/generic/base.py", line 70, in view
    return self.dispatch(request, *args, **kwargs)
  File "/home/fmw/github/ojSys/venv/lib/python3.6/site-packages/rest_framework/views.py", line 509, in dispatch
    response = self.handle_exception(exc)
  File "/home/fmw/github/ojSys/venv/lib/python3.6/site-packages/rest_framework/views.py", line 469, in handle_exception
    self.raise_uncaught_exception(exc)
  File "/home/fmw/github/ojSys/venv/lib/python3.6/site-packages/rest_framework/views.py", line 480, in raise_uncaught_exception
    raise exc
  File "/home/fmw/github/ojSys/venv/lib/python3.6/site-packages/rest_framework/views.py", line 506, in dispatch
    response = handler(request, *args, **kwargs)
  File "/home/fmw/github/ojSys/venv/lib/python3.6/site-packages/rest_framework/generics.py", line 199, in get
    return self.list(request, *args, **kwargs)
  File "/home/fmw/github/ojSys/venv/lib/python3.6/site-packages/rest_framework/mixins.py", line 38, in list
    queryset = self.filter_queryset(self.get_queryset())
  File "/home/fmw/github/ojSys/venv/lib/python3.6/site-packages/rest_framework/generics.py", line 150, in filter_queryset
    queryset = backend().filter_queryset(self.request, queryset, self)
  File "/home/fmw/github/ojSys/venv/lib/python3.6/site-packages/rest_framework/filters.py", line 283, in filter_queryset
    return queryset.order_by(*ordering)
AttributeError: 'NoneType' object has no attribute 'order_by'
ERROR 2021-06-08 11:52:11,026 basehttp 161 "GET /api/v1/contests/?page=1&page_size=20&ordering=id&status=start&uid=2 HTTP/1.1" 500 110852
INFO 2021-06-08 11:52:11,776 basehttp 161 "GET /api/v1/contests/?page=1&page_size=20&ordering=id&status=end&uid=2 HTTP/1.1" 200 52
INFO 2021-06-08 11:52:12,078 basehttp 161 "GET /api/v1/contests/?page=1&page_size=20&ordering=id&status=no&uid=2 HTTP/1.1" 200 52
INFO 2021-06-08 11:52:12,769 basehttp 161 "GET /api/v1/forums/?page=1&page_size=5&ordering=-publish_date&from=all HTTP/1.1" 200 52
INFO 2021-06-08 11:52:12,771 basehttp 161 "GET /api/v1/contests/ HTTP/1.1" 200 52
INFO 2021-06-08 11:52:12,790 basehttp 161 "GET /api/v1/problems/ HTTP/1.1" 200 52
INFO 2021-06-08 11:52:12,805 basehttp 161 "GET /api/v1/user/ HTTP/1.1" 200 246
INFO 2021-06-08 11:52:12,848 basehttp 161 "GET /api/v1/user/ HTTP/1.1" 200 246
INFO 2021-06-08 11:52:14,053 basehttp 161 "GET /api/v1/problems/ HTTP/1.1" 200 52
INFO 2021-06-08 11:52:14,055 basehttp 161 "GET /api/v1/contests/ HTTP/1.1" 200 52
INFO 2021-06-08 11:52:14,059 basehttp 161 "GET /api/v1/user/ HTTP/1.1" 200 246
INFO 2021-06-08 11:52:16,520 basehttp 161 "OPTIONS /api/v1/forums/post/2 HTTP/1.1" 200 0
INFO 2021-06-08 11:52:16,538 basehttp 161 "POST /api/v1/forums/post/2 HTTP/1.1" 200 18
INFO 2021-06-08 11:52:16,648 basehttp 161 "GET /api/v1/problems/ HTTP/1.1" 200 52
INFO 2021-06-08 11:52:16,677 basehttp 161 "GET /api/v1/contests/ HTTP/1.1" 200 52
INFO 2021-06-08 11:52:16,681 basehttp 161 "GET /api/v1/forums/1 HTTP/1.1" 200 258
INFO 2021-06-08 11:52:16,686 basehttp 161 "GET /api/v1/user/ HTTP/1.1" 200 504
INFO 2021-06-08 11:52:23,832 basehttp 161 "GET /api/v1/problems/ HTTP/1.1" 200 52
INFO 2021-06-08 11:52:23,833 basehttp 161 "GET /api/v1/contests/ HTTP/1.1" 200 52
INFO 2021-06-08 11:52:23,871 basehttp 161 "GET /api/v1/user/ HTTP/1.1" 200 504
INFO 2021-06-08 11:52:23,904 basehttp 161 "GET /api/v1/forums/?page=1&page_size=5&ordering=-publish_date&from=all HTTP/1.1" 200 310
INFO 2021-06-08 11:52:23,947 basehttp 161 "GET /api/v1/user/ HTTP/1.1" 200 504
INFO 2021-06-08 11:52:27,256 basehttp 161 "GET /api/v1/forums/?page=1&page_size=5&ordering=&from=hot HTTP/1.1" 200 310
INFO 2021-06-08 11:52:27,868 basehttp 161 "GET /api/v1/forums/?page=1&page_size=5&ordering=-publish_date&from=user HTTP/1.1" 200 52
INFO 2021-06-08 11:52:28,553 basehttp 161 "GET /api/v1/forums/?page=1&page_size=5&ordering=-publish_date&from=og HTTP/1.1" 200 52
INFO 2021-06-08 11:52:29,009 basehttp 161 "GET /api/v1/forums/?page=1&page_size=5&ordering=-publish_date&from=admin HTTP/1.1" 200 52
INFO 2021-06-08 11:52:29,595 basehttp 161 "GET /api/v1/forums/?page=1&page_size=5&ordering=-publish_date&from=user HTTP/1.1" 200 52
INFO 2021-06-08 11:52:30,144 basehttp 161 "GET /api/v1/forums/?page=1&page_size=5&ordering=-publish_date&from=og HTTP/1.1" 200 52
INFO 2021-06-08 11:52:30,592 basehttp 161 "GET /api/v1/forums/?page=1&page_size=5&ordering=-publish_date&from=admin HTTP/1.1" 200 52
INFO 2021-06-08 11:52:33,861 basehttp 161 "GET /api/v1/forums/?page=1&page_size=5&ordering=-publish_date&from=all HTTP/1.1" 200 310
INFO 2021-06-08 11:52:36,436 basehttp 161 "GET /api/v1/problems/ HTTP/1.1" 200 52
INFO 2021-06-08 11:52:36,447 basehttp 161 "GET /api/v1/contests/?page=1&page_size=20&ordering=id&status=sign&uid=2 HTTP/1.1" 200 52
INFO 2021-06-08 11:52:36,448 basehttp 161 "GET /api/v1/contests/ HTTP/1.1" 200 52
INFO 2021-06-08 11:52:37,347 basehttp 161 "GET /api/v1/problems/?page_size=9007199254740991 HTTP/1.1" 200 52
INFO 2021-06-08 11:52:37,351 basehttp 161 "GET /api/v1/problems/ranking/ HTTP/1.1" 200 2
INFO 2021-06-08 11:52:37,438 basehttp 161 "GET /api/v1/contests/ HTTP/1.1" 200 52
INFO 2021-06-08 11:52:37,443 basehttp 161 "GET /api/v1/problems/?page=1&page_size=10&ordering=id&alg=&ds=&firm=&header= HTTP/1.1" 200 52
INFO 2021-06-08 11:52:37,462 basehttp 161 "GET /api/v1/problems/ HTTP/1.1" 200 52
INFO 2021-06-08 11:52:37,467 basehttp 161 "GET /api/v1/user/ HTTP/1.1" 200 504
INFO 2021-06-08 11:52:37,749 basehttp 161 "GET /api/v1/problems/ HTTP/1.1" 200 52
INFO 2021-06-08 11:52:37,769 basehttp 161 "GET /api/v1/contests/ HTTP/1.1" 200 52
INFO 2021-06-08 11:52:37,784 basehttp 161 "GET /api/v1/contests/?page=1&page_size=20&ordering=id&status=sign&uid=2 HTTP/1.1" 200 52
INFO 2021-06-08 11:52:38,733 basehttp 161 "GET /api/v1/problems/ HTTP/1.1" 200 52
INFO 2021-06-08 11:52:38,758 basehttp 161 "GET /api/v1/contests/ HTTP/1.1" 200 52
INFO 2021-06-08 11:52:38,794 basehttp 161 "GET /api/v1/forums/?page=1&page_size=5&ordering=-publish_date&from=all HTTP/1.1" 200 310
INFO 2021-06-08 11:52:38,826 basehttp 161 "GET /api/v1/user/ HTTP/1.1" 200 504
INFO 2021-06-08 11:52:38,915 basehttp 161 "GET /api/v1/user/ HTTP/1.1" 200 504
INFO 2021-06-08 11:52:39,198 basehttp 161 "GET /api/v1/problems/?page=1&page_size=10&ordering=id&alg=&ds=&firm=&header= HTTP/1.1" 200 52
INFO 2021-06-08 11:52:39,245 basehttp 161 "GET /api/v1/problems/ranking/ HTTP/1.1" 200 2
INFO 2021-06-08 11:52:39,246 basehttp 161 "GET /api/v1/contests/ HTTP/1.1" 200 52
INFO 2021-06-08 11:52:39,247 basehttp 161 "GET /api/v1/problems/?page_size=9007199254740991 HTTP/1.1" 200 52
INFO 2021-06-08 11:52:39,250 basehttp 161 "GET /api/v1/problems/ HTTP/1.1" 200 52
INFO 2021-06-08 11:52:39,252 basehttp 161 "GET /api/v1/user/ HTTP/1.1" 200 504
INFO 2021-06-08 11:52:40,218 basehttp 161 "GET /api/v1/problems/ HTTP/1.1" 200 52
INFO 2021-06-08 11:52:40,219 basehttp 161 "GET /api/v1/contests/?page=1&page_size=20&ordering=id&status=sign&uid=2 HTTP/1.1" 200 52
INFO 2021-06-08 11:52:40,231 basehttp 161 "GET /api/v1/contests/ HTTP/1.1" 200 52
INFO 2021-06-08 11:52:41,775 basehttp 161 "GET /api/v1/problems/ HTTP/1.1" 200 52
INFO 2021-06-08 11:52:41,817 basehttp 161 "GET /api/v1/contests/ HTTP/1.1" 200 52
INFO 2021-06-08 11:52:41,833 basehttp 161 "GET /api/v1/forums/?page=1&page_size=5&ordering=-publish_date&from=all HTTP/1.1" 200 310
INFO 2021-06-08 11:52:41,849 basehttp 161 "GET /api/v1/user/ HTTP/1.1" 200 504
INFO 2021-06-08 11:52:41,923 basehttp 161 "GET /api/v1/user/ HTTP/1.1" 200 504
INFO 2021-06-08 11:52:42,994 basehttp 161 "GET /api/v1/contests/?page=1&page_size=20&ordering=id&status=sign&uid=2 HTTP/1.1" 200 52
INFO 2021-06-08 11:52:42,996 basehttp 161 "GET /api/v1/contests/ HTTP/1.1" 200 52
INFO 2021-06-08 11:52:42,999 basehttp 161 "GET /api/v1/problems/ HTTP/1.1" 200 52
INFO 2021-06-08 11:52:44,104 basehttp 161 "GET /api/v1/contests/ HTTP/1.1" 200 52
INFO 2021-06-08 11:52:44,121 basehttp 161 "GET /api/v1/problems/ranking/ HTTP/1.1" 200 2
INFO 2021-06-08 11:52:44,130 basehttp 161 "GET /api/v1/problems/?page_size=9007199254740991 HTTP/1.1" 200 52
INFO 2021-06-08 11:52:44,132 basehttp 161 "GET /api/v1/problems/?page=1&page_size=10&ordering=id&alg=&ds=&firm=&header= HTTP/1.1" 200 52
INFO 2021-06-08 11:52:44,133 basehttp 161 "GET /api/v1/problems/ HTTP/1.1" 200 52
INFO 2021-06-08 11:52:44,170 basehttp 161 "GET /api/v1/user/ HTTP/1.1" 200 504
INFO 2021-06-08 11:52:44,801 basehttp 161 "GET /api/v1/problems/ HTTP/1.1" 200 52
INFO 2021-06-08 11:52:44,802 basehttp 161 "GET /api/v1/contests/ HTTP/1.1" 200 52
INFO 2021-06-08 11:52:44,830 basehttp 161 "GET /api/v1/user/ HTTP/1.1" 200 504
INFO 2021-06-08 11:52:59,352 basehttp 161 "GET /api/v1/contests/ HTTP/1.1" 200 52
INFO 2021-06-08 11:52:59,384 basehttp 161 "GET /api/v1/problems/?page=1&page_size=10&ordering=id&alg=&ds=&firm=&header= HTTP/1.1" 200 52
INFO 2021-06-08 11:52:59,409 basehttp 161 "GET /api/v1/problems/ HTTP/1.1" 200 52
INFO 2021-06-08 11:52:59,418 basehttp 161 "GET /api/v1/problems/?page_size=9007199254740991 HTTP/1.1" 200 52
INFO 2021-06-08 11:52:59,419 basehttp 161 "GET /api/v1/problems/ranking/ HTTP/1.1" 200 2
INFO 2021-06-08 11:52:59,428 basehttp 161 "GET /api/v1/user/ HTTP/1.1" 200 504
INFO 2021-06-08 11:53:01,031 basehttp 161 "GET /api/v1/contests/ HTTP/1.1" 200 52
INFO 2021-06-08 11:53:01,032 basehttp 161 "GET /api/v1/problems/ HTTP/1.1" 200 52
INFO 2021-06-08 11:53:01,045 basehttp 161 "GET /api/v1/user/ HTTP/1.1" 200 504
INFO 2021-06-08 11:53:17,628 basehttp 161 "GET /api/v1/problems/ HTTP/1.1" 200 52
INFO 2021-06-08 11:53:17,631 basehttp 161 "GET /api/v1/contests/ HTTP/1.1" 200 52
INFO 2021-06-08 11:53:19,700 basehttp 161 "GET /api/v1/problems/ HTTP/1.1" 200 52
INFO 2021-06-08 11:53:19,712 basehttp 161 "GET /api/v1/contests/ HTTP/1.1" 200 52
INFO 2021-06-08 11:53:19,753 basehttp 161 "GET /api/v1/contests/?page=1&page_size=20&ordering=id&status=sign HTTP/1.1" 200 52
INFO 2021-06-08 11:53:21,799 basehttp 161 "GET /api/v1/contests/?page=1&page_size=20&ordering=id&status=no HTTP/1.1" 200 52
INFO 2021-06-08 11:53:24,434 basehttp 161 "GET /api/v1/contests/?page=1&page_size=20&ordering=id&status=end HTTP/1.1" 200 52
ERROR 2021-06-08 11:53:25,175 log 230 Internal Server Error: /api/v1/contests/
Traceback (most recent call last):
  File "/home/fmw/github/ojSys/venv/lib/python3.6/site-packages/django/utils/datastructures.py", line 76, in __getitem__
    list_ = super().__getitem__(key)
KeyError: 'uid'

During handling of the above exception, another exception occurred:

Traceback (most recent call last):
  File "/home/fmw/github/ojSys/venv/lib/python3.6/site-packages/django/core/handlers/exception.py", line 47, in inner
    response = get_response(request)
  File "/home/fmw/github/ojSys/venv/lib/python3.6/site-packages/django/core/handlers/base.py", line 181, in _get_response
    response = wrapped_callback(request, *callback_args, **callback_kwargs)
  File "/home/fmw/github/ojSys/venv/lib/python3.6/site-packages/django/views/decorators/csrf.py", line 54, in wrapped_view
    return view_func(*args, **kwargs)
  File "/home/fmw/github/ojSys/venv/lib/python3.6/site-packages/django/views/generic/base.py", line 70, in view
    return self.dispatch(request, *args, **kwargs)
  File "/home/fmw/github/ojSys/venv/lib/python3.6/site-packages/rest_framework/views.py", line 509, in dispatch
    response = self.handle_exception(exc)
  File "/home/fmw/github/ojSys/venv/lib/python3.6/site-packages/rest_framework/views.py", line 469, in handle_exception
    self.raise_uncaught_exception(exc)
  File "/home/fmw/github/ojSys/venv/lib/python3.6/site-packages/rest_framework/views.py", line 480, in raise_uncaught_exception
    raise exc
  File "/home/fmw/github/ojSys/venv/lib/python3.6/site-packages/rest_framework/views.py", line 506, in dispatch
    response = handler(request, *args, **kwargs)
  File "/home/fmw/github/ojSys/venv/lib/python3.6/site-packages/rest_framework/generics.py", line 199, in get
    return self.list(request, *args, **kwargs)
  File "/home/fmw/github/ojSys/venv/lib/python3.6/site-packages/rest_framework/mixins.py", line 38, in list
    queryset = self.filter_queryset(self.get_queryset())
  File "/home/fmw/github/ojSys/api/views/contest.py", line 46, in get_queryset
    uid = self.request.query_params['uid']
  File "/home/fmw/github/ojSys/venv/lib/python3.6/site-packages/django/utils/datastructures.py", line 78, in __getitem__
    raise MultiValueDictKeyError(key)
django.utils.datastructures.MultiValueDictKeyError: 'uid'
ERROR 2021-06-08 11:53:25,176 basehttp 161 "GET /api/v1/contests/?page=1&page_size=20&ordering=id&status=start HTTP/1.1" 500 113423
INFO 2021-06-08 11:53:26,252 basehttp 161 "GET /api/v1/contests/?page=1&page_size=20&ordering=id&status=end HTTP/1.1" 200 52
INFO 2021-06-08 11:53:26,859 basehttp 161 "GET /api/v1/contests/?page=1&page_size=20&ordering=id&status=no HTTP/1.1" 200 52
INFO 2021-06-08 11:53:27,198 basehttp 161 "GET /api/v1/contests/?page=1&page_size=20&ordering=id&status=sign HTTP/1.1" 200 52
INFO 2021-06-08 11:53:27,986 basehttp 161 "GET /api/v1/contests/?page=1&page_size=20&ordering=id&status=no HTTP/1.1" 200 52
ERROR 2021-06-08 11:53:28,367 log 230 Internal Server Error: /api/v1/contests/
Traceback (most recent call last):
  File "/home/fmw/github/ojSys/venv/lib/python3.6/site-packages/django/utils/datastructures.py", line 76, in __getitem__
    list_ = super().__getitem__(key)
KeyError: 'uid'

During handling of the above exception, another exception occurred:

Traceback (most recent call last):
  File "/home/fmw/github/ojSys/venv/lib/python3.6/site-packages/django/core/handlers/exception.py", line 47, in inner
    response = get_response(request)
  File "/home/fmw/github/ojSys/venv/lib/python3.6/site-packages/django/core/handlers/base.py", line 181, in _get_response
    response = wrapped_callback(request, *callback_args, **callback_kwargs)
  File "/home/fmw/github/ojSys/venv/lib/python3.6/site-packages/django/views/decorators/csrf.py", line 54, in wrapped_view
    return view_func(*args, **kwargs)
  File "/home/fmw/github/ojSys/venv/lib/python3.6/site-packages/django/views/generic/base.py", line 70, in view
    return self.dispatch(request, *args, **kwargs)
  File "/home/fmw/github/ojSys/venv/lib/python3.6/site-packages/rest_framework/views.py", line 509, in dispatch
    response = self.handle_exception(exc)
  File "/home/fmw/github/ojSys/venv/lib/python3.6/site-packages/rest_framework/views.py", line 469, in handle_exception
    self.raise_uncaught_exception(exc)
  File "/home/fmw/github/ojSys/venv/lib/python3.6/site-packages/rest_framework/views.py", line 480, in raise_uncaught_exception
    raise exc
  File "/home/fmw/github/ojSys/venv/lib/python3.6/site-packages/rest_framework/views.py", line 506, in dispatch
    response = handler(request, *args, **kwargs)
  File "/home/fmw/github/ojSys/venv/lib/python3.6/site-packages/rest_framework/generics.py", line 199, in get
    return self.list(request, *args, **kwargs)
  File "/home/fmw/github/ojSys/venv/lib/python3.6/site-packages/rest_framework/mixins.py", line 38, in list
    queryset = self.filter_queryset(self.get_queryset())
  File "/home/fmw/github/ojSys/api/views/contest.py", line 46, in get_queryset
    uid = self.request.query_params['uid']
  File "/home/fmw/github/ojSys/venv/lib/python3.6/site-packages/django/utils/datastructures.py", line 78, in __getitem__
    raise MultiValueDictKeyError(key)
django.utils.datastructures.MultiValueDictKeyError: 'uid'
ERROR 2021-06-08 11:53:28,370 basehttp 161 "GET /api/v1/contests/?page=1&page_size=20&ordering=id&status=start HTTP/1.1" 500 113423
INFO 2021-06-08 11:53:29,156 basehttp 161 "GET /api/v1/contests/ HTTP/1.1" 200 52
INFO 2021-06-08 11:53:29,163 basehttp 161 "GET /api/v1/problems/ HTTP/1.1" 200 52
INFO 2021-06-08 11:53:29,166 basehttp 161 "GET /api/v1/forums/?page=1&page_size=5&ordering=-publish_date&from=all HTTP/1.1" 200 310
INFO 2021-06-08 11:53:32,736 basehttp 161 "GET /api/v1/forums/?page=1&page_size=5&ordering=&from=hot HTTP/1.1" 200 310
INFO 2021-06-08 11:53:33,194 basehttp 161 "GET /api/v1/forums/?page=1&page_size=5&ordering=-publish_date&from=user HTTP/1.1" 200 52
INFO 2021-06-08 11:53:33,469 basehttp 161 "GET /api/v1/forums/?page=1&page_size=5&ordering=-publish_date&from=og HTTP/1.1" 200 52
INFO 2021-06-08 11:53:33,847 basehttp 161 "GET /api/v1/forums/?page=1&page_size=5&ordering=-publish_date&from=admin HTTP/1.1" 200 52
INFO 2021-06-08 11:53:34,330 basehttp 161 "GET /api/v1/forums/?page=1&page_size=5&ordering=&from=hot HTTP/1.1" 200 310
INFO 2021-06-08 11:53:34,623 basehttp 161 "GET /api/v1/forums/?page=1&page_size=5&ordering=-publish_date&from=all HTTP/1.1" 200 310
INFO 2021-06-08 11:53:35,158 basehttp 161 "GET /api/v1/problems/ranking HTTP/1.1" 301 0
INFO 2021-06-08 11:53:35,200 basehttp 161 "GET /api/v1/contests/ HTTP/1.1" 200 52
INFO 2021-06-08 11:53:35,201 basehttp 161 "GET /api/v1/problems/?page=1&page_size=10&ordering=id&alg=&ds=&firm=&header= HTTP/1.1" 200 52
INFO 2021-06-08 11:53:35,202 basehttp 161 "GET /api/v1/problems/ HTTP/1.1" 200 52
INFO 2021-06-08 11:53:35,209 basehttp 161 "GET /api/v1/problems/?page_size=9007199254740991 HTTP/1.1" 200 52
INFO 2021-06-08 11:53:35,217 basehttp 161 "GET /api/v1/problems/ranking/ HTTP/1.1" 200 2
INFO 2021-06-08 11:54:38,993 basehttp 161 "GET /api/v1/problems/?page=1&page_size=10&ordering=id&alg=&ds=&firm=&header= HTTP/1.1" 200 52
INFO 2021-06-08 11:54:39,983 basehttp 161 "GET /api/v1/problems/?page=1&page_size=10&ordering=id&alg=&ds=&firm=&header=%E4%B8%AD%E7%AD%89 HTTP/1.1" 200 52
